0 info it worked if it ends with ok
1 verbose cli [ '/usr/local/bin/node', '/usr/local/bin/npm', 'publish' ]
2 info using npm@2.15.1
3 info using node@v4.4.4
4 verbose publish [ '.' ]
5 silly cache add args [ '.', null ]
6 verbose cache add spec .
7 silly cache add parsed spec Result {
7 silly cache add   raw: '.',
7 silly cache add   scope: null,
7 silly cache add   name: null,
7 silly cache add   rawSpec: '.',
7 silly cache add   spec: '/Users/adknowledgeuser/dev/ranger',
7 silly cache add   type: 'directory' }
8 verbose addLocalDirectory /Users/adknowledgeuser/.npm/ranger/0.0.1/package.tgz not in flight; packing
9 verbose correctMkdir /Users/adknowledgeuser/.npm correctMkdir not in flight; initializing
10 verbose tar pack [ '/Users/adknowledgeuser/.npm/ranger/0.0.1/package.tgz',
10 verbose tar pack   '/Users/adknowledgeuser/dev/ranger' ]
11 verbose tarball /Users/adknowledgeuser/.npm/ranger/0.0.1/package.tgz
12 verbose folder /Users/adknowledgeuser/dev/ranger
13 info prepublish ranger@0.0.1
14 verbose addLocalTarball adding from inside cache /Users/adknowledgeuser/.npm/ranger/0.0.1/package.tgz
15 verbose correctMkdir /Users/adknowledgeuser/.npm correctMkdir not in flight; initializing
16 silly cache afterAdd ranger@0.0.1
17 verbose afterAdd /Users/adknowledgeuser/.npm/ranger/0.0.1/package/package.json not in flight; writing
18 verbose correctMkdir /Users/adknowledgeuser/.npm correctMkdir not in flight; initializing
19 verbose afterAdd /Users/adknowledgeuser/.npm/ranger/0.0.1/package/package.json written
20 silly publish { name: 'ranger',
20 silly publish   version: '0.0.1',
20 silly publish   description: 'A lightweight JS library for defining an array of ranges.',
20 silly publish   main: 'ranger.js',
20 silly publish   scripts:
20 silly publish    { test: 'echo "Error: no test specified" && exit 1',
20 silly publish      start: 'node index.js' },
20 silly publish   repository:
20 silly publish    { type: 'git',
20 silly publish      url: 'git+https://github.com/nigh7sh4de/ranger.git' },
20 silly publish   author: { name: 'nigh7sh4de' },
20 silly publish   license: 'ISC',
20 silly publish   bugs: { url: 'https://github.com/nigh7sh4de/ranger/issues' },
20 silly publish   homepage: 'https://github.com/nigh7sh4de/ranger#readme',
20 silly publish   readme: 'ranger\n========\n\nA lightweight JS library for defining an array of ranges.\n\n*note: upper limit is exclusive*\n\n    var ranger = require(\'ranger\');\n    var newRanger = new ranger();\n    var existingRanger = new ranger(array);\n    \n####newRanger.addRange(from, to);\n    newRanger.addRange(1, 4);\n    \n####newRanger.removeRange(from, to);\n    newRanger.removeRange(2, 3);\n    \n####newRanger.check(value);\n    newRanger.check(1); //true\n    newRanger.check(2); //false\n    newRanger.check(3); //true\n    newRanger.check(4); //false\n    newRanger.check(5); //false',
20 silly publish   readmeFilename: 'README.md',
20 silly publish   gitHead: 'c15446f3efce138a8c8f1016f3a7f550ab9934a1',
20 silly publish   _id: 'ranger@0.0.1',
20 silly publish   _shasum: 'eeae82eecbfb6b3e9281162f8bccbf0e52758591',
20 silly publish   _from: '.' }
21 verbose getPublishConfig undefined
22 silly mapToRegistry name ranger
23 silly mapToRegistry using default registry
24 silly mapToRegistry registry https://registry.npmjs.org/
25 silly mapToRegistry data Result {
25 silly mapToRegistry   raw: 'ranger',
25 silly mapToRegistry   scope: null,
25 silly mapToRegistry   name: 'ranger',
25 silly mapToRegistry   rawSpec: '',
25 silly mapToRegistry   spec: 'latest',
25 silly mapToRegistry   type: 'tag' }
26 silly mapToRegistry uri https://registry.npmjs.org/ranger
27 verbose publish registryBase https://registry.npmjs.org/
28 silly publish uploading /Users/adknowledgeuser/.npm/ranger/0.0.1/package.tgz
29 verbose request uri https://registry.npmjs.org/ranger
30 verbose request sending authorization for write operation
31 info attempt registry request try #1 at 12:25:56 PM
32 verbose request using bearer token for auth
33 verbose request id 6814fe2e0d5d1be5
34 http request PUT https://registry.npmjs.org/ranger
35 http 403 https://registry.npmjs.org/ranger
36 verbose headers { 'content-type': 'application/json',
36 verbose headers   'cache-control': 'max-age=300',
36 verbose headers   'content-length': '100',
36 verbose headers   'accept-ranges': 'bytes',
36 verbose headers   date: 'Mon, 16 May 2016 16:25:56 GMT',
36 verbose headers   via: '1.1 varnish',
36 verbose headers   connection: 'keep-alive',
36 verbose headers   'x-served-by': 'cache-ord1740-ORD',
36 verbose headers   'x-cache': 'MISS',
36 verbose headers   'x-cache-hits': '0',
36 verbose headers   'x-timer': 'S1463415956.080835,VS0,VE365',
36 verbose headers   vary: 'Accept-Encoding' }
37 verbose request invalidating /Users/adknowledgeuser/.npm/registry.npmjs.org/ranger on PUT
38 error publish Failed PUT 403
39 verbose stack Error: you do not have permission to publish "ranger". Are you logged in as the correct user? : ranger
39 verbose stack     at makeError (/usr/local/lib/node_modules/npm/node_modules/npm-registry-client/lib/request.js:264:12)
39 verbose stack     at CachingRegistryClient.<anonymous> (/usr/local/lib/node_modules/npm/node_modules/npm-registry-client/lib/request.js:252:14)
39 verbose stack     at Request._callback (/usr/local/lib/node_modules/npm/node_modules/npm-registry-client/lib/request.js:172:14)
39 verbose stack     at Request.self.callback (/usr/local/lib/node_modules/npm/node_modules/request/request.js:199:22)
39 verbose stack     at emitTwo (events.js:87:13)
39 verbose stack     at Request.emit (events.js:172:7)
39 verbose stack     at Request.<anonymous> (/usr/local/lib/node_modules/npm/node_modules/request/request.js:1036:10)
39 verbose stack     at emitOne (events.js:82:20)
39 verbose stack     at Request.emit (events.js:169:7)
39 verbose stack     at IncomingMessage.<anonymous> (/usr/local/lib/node_modules/npm/node_modules/request/request.js:963:12)
40 verbose statusCode 403
41 verbose pkgid ranger
42 verbose cwd /Users/adknowledgeuser/dev/ranger
43 error Darwin 15.4.0
44 error argv "/usr/local/bin/node" "/usr/local/bin/npm" "publish"
45 error node v4.4.4
46 error npm  v2.15.1
47 error code E403
48 error you do not have permission to publish "ranger". Are you logged in as the correct user? : ranger
49 error If you need help, you may report this error at:
49 error     <https://github.com/npm/npm/issues>
50 verbose exit [ 1, true ]
